<?xml version="1.0" encoding="UTF-8"?>
<coverage generated="1660207990369" clover="3.2.0">
  <project timestamp="1660207990369" name="All files">
    <metrics statements="24" coveredstatements="24" conditionals="8" coveredconditionals="8" methods="6" coveredmethods="6" elements="38" coveredelements="38" complexity="0" loc="24" ncloc="24" packages="2" files="3" classes="3"/>
    <package name="src">
      <metrics statements="1" coveredstatements="1" conditionals="0" coveredconditionals="0" methods="0" coveredmethods="0"/>
      <file name="index.ts" path="/home/oxide/workspace/Node/library/rc-transforms/src/index.ts">
        <metrics statements="1" coveredstatements="1" conditionals="0" coveredconditionals="0" methods="0" coveredmethods="0"/>
        <line num="1" count="1" type="stmt"/>
      </file>
    </package>
    <package name="src.delegates">
      <metrics statements="23" coveredstatements="23" conditionals="8" coveredconditionals="8" methods="6" coveredmethods="6"/>
      <file name="DelegatesToResource.ts" path="/home/oxide/workspace/Node/library/rc-transforms/src/delegates/DelegatesToResource.ts">
        <metrics statements="11" coveredstatements="11" conditionals="3" coveredconditionals="3" methods="2" coveredmethods="2"/>
        <line num="1" count="1" type="stmt"/>
        <line num="6" count="18" type="cond" truecount="1" falsecount="0"/>
        <line num="7" count="1" type="stmt"/>
        <line num="10" count="18" type="stmt"/>
        <line num="12" count="18" type="stmt"/>
        <line num="14" count="94" type="cond" truecount="1" falsecount="0"/>
        <line num="15" count="38" type="stmt"/>
        <line num="18" count="56" type="cond" truecount="1" falsecount="0"/>
        <line num="19" count="52" type="stmt"/>
        <line num="22" count="4" type="stmt"/>
        <line num="26" count="18" type="stmt"/>
      </file>
      <file name="index.ts" path="/home/oxide/workspace/Node/library/rc-transforms/src/delegates/index.ts">
        <metrics statements="12" coveredstatements="12" conditionals="5" coveredconditionals="5" methods="4" coveredmethods="4"/>
        <line num="1" count="1" type="stmt"/>
        <line num="3" count="1" type="stmt"/>
        <line num="7" count="18" type="stmt"/>
        <line num="9" count="18" type="stmt"/>
        <line num="11" count="18" type="stmt"/>
        <line num="15" count="12" type="cond" truecount="2" falsecount="0"/>
        <line num="17" count="12" type="cond" truecount="2" falsecount="0"/>
        <line num="19" count="15" type="stmt"/>
        <line num="21" count="12" type="cond" truecount="1" falsecount="0"/>
        <line num="22" count="3" type="stmt"/>
        <line num="27" count="9" type="stmt"/>
        <line num="31" count="2" type="stmt"/>
      </file>
    </package>
  </project>
</coverage>
