{"/home/oxide/workspace/Node/library/rc-transforms/src/index.ts": {"path":"/home/oxide/workspace/Node/library/rc-transforms/src/index.ts","statementMap":{"0":{"start":{"line":1,"column":0},"end":{"line":1,"column":28}}},"fnMap":{},"branchMap":{},"s":{"0":1},"f":{},"b":{}}
,"/home/oxide/workspace/Node/library/rc-transforms/src/delegates/DelegatesToResource.ts": {"path":"/home/oxide/workspace/Node/library/rc-transforms/src/delegates/DelegatesToResource.ts","statementMap":{"0":{"start":{"line":6,"column":8},"end":{"line":8,"column":null}},"1":{"start":{"line":7,"column":12},"end":{"line":7,"column":26}},"2":{"start":{"line":10,"column":8},"end":{"line":10,"column":33}},"3":{"start":{"line":12,"column":8},"end":{"line":24,"column":11}},"4":{"start":{"line":14,"column":16},"end":{"line":16,"column":null}},"5":{"start":{"line":15,"column":20},"end":{"line":15,"column":44}},"6":{"start":{"line":18,"column":16},"end":{"line":20,"column":null}},"7":{"start":{"line":19,"column":20},"end":{"line":19,"column":46}},"8":{"start":{"line":22,"column":16},"end":{"line":22,"column":33}},"9":{"start":{"line":26,"column":8},"end":{"line":26,"column":26}},"10":{"start":{"line":1,"column":0},"end":{"line":1,"column":13}}},"fnMap":{"0":{"name":"(anonymous_0)","decl":{"start":{"line":5,"column":4},"end":{"line":5,"column":16}},"loc":{"start":{"line":5,"column":29},"end":{"line":27,"column":5}}},"1":{"name":"(anonymous_1)","decl":{"start":{"line":13,"column":12},"end":{"line":13,"column":15}},"loc":{"start":{"line":13,"column":37},"end":{"line":23,"column":13}}}},"branchMap":{"0":{"loc":{"start":{"line":6,"column":8},"end":{"line":8,"column":null}},"type":"if","locations":[{"start":{"line":6,"column":8},"end":{"line":8,"column":null}}]},"1":{"loc":{"start":{"line":14,"column":16},"end":{"line":16,"column":null}},"type":"if","locations":[{"start":{"line":14,"column":16},"end":{"line":16,"column":null}}]},"2":{"loc":{"start":{"line":18,"column":16},"end":{"line":20,"column":null}},"type":"if","locations":[{"start":{"line":18,"column":16},"end":{"line":20,"column":null}}]}},"s":{"0":18,"1":1,"2":18,"3":18,"4":94,"5":38,"6":56,"7":52,"8":4,"9":18,"10":1},"f":{"0":18,"1":94},"b":{"0":[1],"1":[38],"2":[52]}}
,"/home/oxide/workspace/Node/library/rc-transforms/src/delegates/index.ts": {"path":"/home/oxide/workspace/Node/library/rc-transforms/src/delegates/index.ts","statementMap":{"0":{"start":{"line":1,"column":0},"end":{"line":1,"column":60}},"1":{"start":{"line":7,"column":8},"end":{"line":7,"column":22}},"2":{"start":{"line":9,"column":8},"end":{"line":9,"column":35}},"3":{"start":{"line":11,"column":8},"end":{"line":11,"column":25}},"4":{"start":{"line":15,"column":8},"end":{"line":15,"column":28}},"5":{"start":{"line":17,"column":37},"end":{"line":17,"column":68}},"6":{"start":{"line":19,"column":33},"end":{"line":19,"column":71}},"7":{"start":{"line":19,"column":56},"end":{"line":19,"column":70}},"8":{"start":{"line":21,"column":8},"end":{"line":25,"column":null}},"9":{"start":{"line":22,"column":12},"end":{"line":24,"column":15}},"10":{"start":{"line":27,"column":8},"end":{"line":27,"column":null}},"11":{"start":{"line":31,"column":8},"end":{"line":31,"column":48}},"12":{"start":{"line":3,"column":0},"end":{"line":3,"column":13}}},"fnMap":{"0":{"name":"(anonymous_0)","decl":{"start":{"line":6,"column":4},"end":{"line":6,"column":16}},"loc":{"start":{"line":6,"column":30},"end":{"line":12,"column":5}}},"1":{"name":"(anonymous_1)","decl":{"start":{"line":14,"column":4},"end":{"line":14,"column":10}},"loc":{"start":{"line":14,"column":32},"end":{"line":28,"column":5}}},"2":{"name":"(anonymous_2)","decl":{"start":{"line":19,"column":48},"end":{"line":19,"column":52}},"loc":{"start":{"line":19,"column":56},"end":{"line":19,"column":70}}},"3":{"name":"(anonymous_3)","decl":{"start":{"line":30,"column":11},"end":{"line":30,"column":18}},"loc":{"start":{"line":30,"column":18},"end":{"line":32,"column":5}}}},"branchMap":{"0":{"loc":{"start":{"line":15,"column":16},"end":{"line":15,"column":27}},"type":"binary-expr","locations":[{"start":{"line":15,"column":16},"end":{"line":15,"column":21}},{"start":{"line":15,"column":25},"end":{"line":15,"column":27}}]},"1":{"loc":{"start":{"line":17,"column":37},"end":{"line":17,"column":68}},"type":"cond-expr","locations":[{"start":{"line":17,"column":50},"end":{"line":17,"column":60}},{"start":{"line":17,"column":63},"end":{"line":17,"column":68}}]},"2":{"loc":{"start":{"line":21,"column":8},"end":{"line":25,"column":null}},"type":"if","locations":[{"start":{"line":21,"column":8},"end":{"line":25,"column":null}}]}},"s":{"0":1,"1":18,"2":18,"3":18,"4":12,"5":12,"6":12,"7":15,"8":12,"9":3,"10":9,"11":2,"12":1},"f":{"0":18,"1":12,"2":15,"3":2},"b":{"0":[12,4],"1":[3,9],"2":[3]}}
}
