TN:
SF:src/index.ts
FNF:0
FNH:0
DA:1,1
LF:1
LH:1
BRF:0
BRH:0
end_of_record
TN:
SF:src/delegates/DelegatesToResource.ts
FN:5,(anonymous_0)
FN:13,(anonymous_1)
FNF:2
FNH:2
FNDA:18,(anonymous_0)
FNDA:94,(anonymous_1)
DA:1,1
DA:6,18
DA:7,1
DA:10,18
DA:12,18
DA:14,94
DA:15,38
DA:18,56
DA:19,52
DA:22,4
DA:26,18
LF:11
LH:11
BRDA:6,0,0,1
BRDA:14,1,0,38
BRDA:18,2,0,52
BRF:3
BRH:3
end_of_record
TN:
SF:src/delegates/index.ts
FN:6,(anonymous_0)
FN:14,(anonymous_1)
FN:19,(anonymous_2)
FN:30,(anonymous_3)
FNF:4
FNH:4
FNDA:18,(anonymous_0)
FNDA:12,(anonymous_1)
FNDA:15,(anonymous_2)
FNDA:2,(anonymous_3)
DA:1,1
DA:3,1
DA:7,18
DA:9,18
DA:11,18
DA:15,12
DA:17,12
DA:19,15
DA:21,12
DA:22,3
DA:27,9
DA:31,2
LF:12
LH:12
BRDA:15,0,0,12
BRDA:15,0,1,4
BRDA:17,1,0,3
BRDA:17,1,1,9
BRDA:21,2,0,3
BRF:5
BRH:5
end_of_record
